<?xml version="1.0" encoding="UTF-8"?>
<testng-results skipped="0" failed="0" total="1" passed="1">
  <reporter-output>
  </reporter-output>
  <suite name="Suite" duration-ms="18863" started-at="2019-01-14T20:29:38Z" finished-at="2019-01-14T20:29:57Z">
    <groups>
    </groups>
    <test name="Test" duration-ms="18863" started-at="2019-01-14T20:29:38Z" finished-at="2019-01-14T20:29:57Z">
      <class name="generic.TestMavenJenkins">
        <test-method status="PASS" signature="testMavenJenkins()[pri:0, instance:generic.TestMavenJenkins@4f933fd1]" name="testMavenJenkins" duration-ms="18799" started-at="2019-01-15T01:59:38Z" finished-at="2019-01-15T01:59:57Z">
          <reporter-output>
          </reporter-output>
        </test-method> <!-- testMavenJenkins -->
      </class> <!-- generic.TestMavenJenkins -->
    </test> <!-- Test -->
  </suite> <!-- Suite -->
</testng-results>
